Compilación iniciada a las 16/11/2014 09:42:33 p. m..
     1>Proyecto "C:\Users\HP\Source\Repos\valencia\proyectoValenciaCU\proyectoValenciaCU.vcxproj" en el nodo 2 (Build destinos).
     1>ClCompile:
         C:\Archivos de programa\Microsoft Visual Studio 12.0\VC\bin\CL.exe /c /Iinclude /ZI /nologo /W3 /WX- /sdl /Od /Oy- /D _CRT_SECURE_NO_WARNINGS /D WIN32 /Gm /EHsc /RTC1 /MDd /GS /fp:precise /Zc:wchar_t /Zc:forScope /Fo"Debug\\" /Fd"Debug\vc120.pdb" /Gd /TP /analyze- /errorReport:prompt Camera.cpp figuras.cpp mainProy.cpp texture.cpp
         texture.cpp
         mainProy.cpp
         figuras.cpp
     1>c:\users\hp\source\repos\valencia\proyectovalenciacu\figuras.cpp(468): warning C4101: 'phi' : variable local sin referencia
     1>c:\users\hp\source\repos\valencia\proyectovalenciacu\figuras.cpp(468): warning C4101: 'theta' : variable local sin referencia
         Camera.cpp
         Generando código...
       Link:
         C:\Archivos de programa\Microsoft Visual Studio 12.0\VC\bin\link.exe /ERRORREPORT:PROMPT /OUT:"C:\Users\HP\Source\Repos\valencia\proyectoValenciaCU\Debug\proyectoValenciaCU.exe" /INCREMENTAL /NOLOGO /LIBPATH:lib cmodel/CModel.lib kernel32.lib user32.lib gdi32.lib winspool.lib comdlg32.lib advapi32.lib shell32.lib ole32.lib oleaut32.lib uuid.lib odbc32.lib odbccp32.lib kernel32.lib user32.lib gdi32.lib winspool.lib comdlg32.lib advapi32.lib shell32.lib ole32.lib oleaut32.lib uuid.lib odbc32.lib odbccp32.lib /NODEFAULTLIB:LIBCD.lib /MANIFEST /MANIFESTUAC:"level='asInvoker' uiAccess='false'" /manifest:embed /DEBUG /PDB:"C:\Users\HP\Source\Repos\valencia\proyectoValenciaCU\Debug\proyectoValenciaCU.pdb" /SUBSYSTEM:CONSOLE /TLBID:1 /DYNAMICBASE /NXCOMPAT /IMPLIB:"C:\Users\HP\Source\Repos\valencia\proyectoValenciaCU\Debug\proyectoValenciaCU.lib" /MACHINE:X86 Debug\Camera.obj
         Debug\figuras.obj
         Debug\mainProy.obj
         Debug\texture.obj
     1>CModel.lib(_3dsloader.obj) : warning LNK4099: no se encontró PDB 'vc70.pdb' con 'CModel.lib(_3dsloader.obj)' o en 'C:\Users\HP\Source\Repos\valencia\proyectoValenciaCU\Debug\vc70.pdb'; se vinculará el objeto sin tener en cuenta información de depuración
     1>CModel.lib(CModel.obj) : warning LNK4099: no se encontró PDB 'vc70.pdb' con 'CModel.lib(CModel.obj)' o en 'C:\Users\HP\Source\Repos\valencia\proyectoValenciaCU\Debug\vc70.pdb'; se vinculará el objeto sin tener en cuenta información de depuración
     1>CModel.lib(CObject.obj) : warning LNK4099: no se encontró PDB 'vc70.pdb' con 'CModel.lib(CObject.obj)' o en 'C:\Users\HP\Source\Repos\valencia\proyectoValenciaCU\Debug\vc70.pdb'; se vinculará el objeto sin tener en cuenta información de depuración
     1>CModel.lib(GFILoader.obj) : warning LNK4099: no se encontró PDB 'vc70.pdb' con 'CModel.lib(GFILoader.obj)' o en 'C:\Users\HP\Source\Repos\valencia\proyectoValenciaCU\Debug\vc70.pdb'; se vinculará el objeto sin tener en cuenta información de depuración
     1>CModel.lib(GLRender.obj) : warning LNK4099: no se encontró PDB 'vc70.pdb' con 'CModel.lib(GLRender.obj)' o en 'C:\Users\HP\Source\Repos\valencia\proyectoValenciaCU\Debug\vc70.pdb'; se vinculará el objeto sin tener en cuenta información de depuración
     1>CModel.lib(HandleStream.obj) : warning LNK4099: no se encontró PDB 'vc70.pdb' con 'CModel.lib(HandleStream.obj)' o en 'C:\Users\HP\Source\Repos\valencia\proyectoValenciaCU\Debug\vc70.pdb'; se vinculará el objeto sin tener en cuenta información de depuración
     1>CModel.lib(imageload.obj) : warning LNK4099: no se encontró PDB 'vc70.pdb' con 'CModel.lib(imageload.obj)' o en 'C:\Users\HP\Source\Repos\valencia\proyectoValenciaCU\Debug\vc70.pdb'; se vinculará el objeto sin tener en cuenta información de depuración
     1>CModel.lib(MATRIX4X4.obj) : warning LNK4099: no se encontró PDB 'vc70.pdb' con 'CModel.lib(MATRIX4X4.obj)' o en 'C:\Users\HP\Source\Repos\valencia\proyectoValenciaCU\Debug\vc70.pdb'; se vinculará el objeto sin tener en cuenta información de depuración
     1>CModel.lib(VECTOR3D.obj) : warning LNK4099: no se encontró PDB 'vc70.pdb' con 'CModel.lib(VECTOR3D.obj)' o en 'C:\Users\HP\Source\Repos\valencia\proyectoValenciaCU\Debug\vc70.pdb'; se vinculará el objeto sin tener en cuenta información de depuración
     1>CModel.lib(VECTOR4D.obj) : warning LNK4099: no se encontró PDB 'vc70.pdb' con 'CModel.lib(VECTOR4D.obj)' o en 'C:\Users\HP\Source\Repos\valencia\proyectoValenciaCU\Debug\vc70.pdb'; se vinculará el objeto sin tener en cuenta información de depuración
         proyectoValenciaCU.vcxproj -> C:\Users\HP\Source\Repos\valencia\proyectoValenciaCU\Debug\proyectoValenciaCU.exe
     1>Compilación del proyecto terminada "C:\Users\HP\Source\Repos\valencia\proyectoValenciaCU\proyectoValenciaCU.vcxproj" (Build destinos).

Compilación correcta.

Tiempo transcurrido 00:00:03.90
